<?xml version="1.0" encoding="UTF-8"?>
<testsuite name="ohtu.lyyrakortti.KassapaateTest" tests="4" skipped="0" failures="0" errors="0" timestamp="2017-11-23T13:27:55" hostname="da5-cs-b221-09" time="0.249">
  <properties/>
  <testcase name="kassaEiLataaKortilleNegatiivistaSummaa" classname="ohtu.lyyrakortti.KassapaateTest" time="0.243"/>
  <testcase name="kortiltaVelotetaanHintaJosRahaaOn" classname="ohtu.lyyrakortti.KassapaateTest" time="0.003"/>
  <testcase name="kassaLataaRahaaKortilleKunSummaEiNegatiivinen" classname="ohtu.lyyrakortti.KassapaateTest" time="0.001"/>
  <testcase name="kortiltaEiVelotetaJosRahaEiRiita" classname="ohtu.lyyrakortti.KassapaateTest" time="0.001"/>
  <system-out><![CDATA[]]></system-out>
  <system-err><![CDATA[]]></system-err>
</testsuite>
